<?xml version="1.0" encoding="UTF-8"?>
<testsuite xmlns:xsi="http://www.w3.org/2001/XMLSchema-instance" xsi:noNamespaceSchemaLocation="https://maven.apache.org/surefire/maven-surefire-plugin/xsd/surefire-test-report-3.0.xsd" version="3.0" name="com.cognito.SpringSecurityApplicationTests" time="5.812" tests="1" errors="0" skipped="0" failures="0">
  <properties>
[...]
</properties>
  <testcase name="contextLoads" classname="com.cognito.SpringSecurityApplicationTests" time="1.624">
    <system-out><![CDATA[19:36:17.261 [main] INFO org.springframework.test.context.support.AnnotationConfigContextLoaderUtils -- Could not detect default configuration classes for test class [com.cognito.SpringSecurityApplicationTests]: SpringSecurityApplicationTests does not declare any static, non-private, non-final, nested classes annotated with @Configuration.
19:36:17.386 [main] INFO org.springframework.boot.test.context.SpringBootTestContextBootstrapper -- Found @SpringBootConfiguration com.cognito.SpringSecurityApplication for test class com.cognito.SpringSecurityApplicationTests

  .   ____          _            __ _ _
 /\\ / ___'_ __ _ _(_)_ __  __ _ \ \ \ \
( ( )\___ | '_ | '_| | '_ \/ _` | \ \ \ \
 \\/  ___)| |_)| | | | | || (_| |  ) ) ) )
  '  |____| .__|_| |_|_| |_\__, | / / / /
 =========|_|==============|___/=/_/_/_/
 :: Spring Boot ::                (v3.1.2)

2023-09-07T19:36:17.982+05:30  INFO 19820 --- [           main] c.c.SpringSecurityApplicationTests       : Starting SpringSecurityApplicationTests using Java 17.0.7 with PID 19820 (started by pasolank in C:\Users\pasolank\OneDrive - Capgemini\Documents\workspace-spring-tool-suite-4-4.19.1.RELEASE\SpringSecurity)
2023-09-07T19:36:17.984+05:30  INFO 19820 --- [           main] c.c.SpringSecurityApplicationTests       : No active profile set, falling back to 1 default profile: "default"
2023-09-07T19:36:20.571+05:30  INFO 19820 --- [           main] o.s.s.web.DefaultSecurityFilterChain     : Will secure any request with [org.springframework.security.web.session.DisableEncodeUrlFilter@646cd766, org.springframework.security.web.context.request.async.WebAsyncManagerIntegrationFilter@57151b3a, org.springframework.security.web.context.SecurityContextHolderFilter@3830b06c, org.springframework.security.web.header.HeaderWriterFilter@6a2d867d, org.springframework.security.web.authentication.logout.LogoutFilter@11df2829, org.springframework.security.oauth2.client.web.OAuth2AuthorizationRequestRedirectFilter@3c28e5b6, org.springframework.security.oauth2.client.web.OAuth2LoginAuthenticationFilter@7558c24b, org.springframework.security.web.authentication.ui.DefaultLoginPageGeneratingFilter@13cc0b90, org.springframework.security.web.authentication.ui.DefaultLogoutPageGeneratingFilter@26457986, org.springframework.security.web.savedrequest.RequestCacheAwareFilter@15214920, org.springframework.security.web.servletapi.SecurityContextHolderAwareRequestFilter@784d9bc, org.springframework.security.web.authentication.AnonymousAuthenticationFilter@2dff7085, org.springframework.security.web.access.ExceptionTranslationFilter@32507479, org.springframework.security.web.access.intercept.AuthorizationFilter@4ed18798]
2023-09-07T19:36:21.247+05:30  INFO 19820 --- [           main] c.c.SpringSecurityApplicationTests       : Started SpringSecurityApplicationTests in 3.619 seconds (process running for 4.799)
]]></system-out>
  </testcase>
</testsuite>